
> frontend@0.1.0 build
> next build

ÔÜá Warning: Next.js inferred your workspace root, but it may not be correct.
 We detected multiple lockfiles and selected the directory of C:\Users\jawis\package-lock.json as the root directory.
 To silence this warning, set `turbopack.root` in your Next.js config, or consider removing one of the lockfiles if it's not needed.
   See https://nextjs.org/docs/app/api-reference/config/next-config-js/turbopack#root-directory for more information.
 Detected additional lockfiles: 
   * C:\Users\jawis\OneDrive\Desktop\sahbi\frontend\package-lock.json

Ôû▓ Next.js 16.2.0 (Turbopack)
- Environments: .env.local

ÔÜá The "middleware" file convention is deprecated. Please use "proxy" instead. Learn more: https://nextjs.org/docs/messages/middleware-to-proxy
  Creating an optimized production build ...
Ô£ô Compiled successfully in 6.7s
  Running TypeScript ...
  Finished TypeScript in 4.4s ...
  Collecting page data using 11 workers ...
  Generating static pages using 11 workers (0/13) ...
  Generating static pages using 11 workers (3/13) 
  Generating static pages using 11 workers (6/13) 
  Generating static pages using 11 workers (9/13) 
Ô£ô Generating static pages using 11 workers (13/13) in 487ms
  Finalizing page optimization ...

Route (app)
Ôöî Ôùï /
Ôö£ Ôùï /_not-found
Ôö£ Ôùï /coaches
Ôö£ Ôùï /dashboard
Ôö£ Ôùï /disciplines
Ôö£ Ôùï /expenses
Ôö£ Ôùï /families
Ôö£ Ôùï /groups
Ôö£ Ôùï /members
Ôö£ Ôùï /payments
Ôö£ Ôùï /schedule
Ôö£ ãÆ /sign-in/[[...sign-in]]
Ôöö ãÆ /sign-up/[[...sign-up]]


ãÆ Proxy (Middleware)

Ôùï  (Static)   prerendered as static content
ãÆ  (Dynamic)  server-rendered on demand

